Build started 10.06.2017 17:31:13.
     1>Project "C:\constrData\ifc-swept2brep\src\ifc_interpreter\ifc_interpreter.vcxproj" on node 2 (build target(s)).
     1>InitializeBuildStatus:
         Creating "Debug\ifc_interpreter.unsuccessfulbuild" because "AlwaysCreate" was specified.
       ClCompile:
         All outputs are up-to-date.
         C:\Program Files (x86)\Microsoft Visual Studio 10.0\VC\bin\CL.exe /c /Iinclude /Iinclude2 /ZI /nologo /W3 /WX- /Od /Oy- /D WIN32 /D _WINDOWS /D _DEBUG /D _USRDLL /D _WINDLL /Gm /EHsc /RTC1 /MTd /GS /fp:precise /Zc:wchar_t /Zc:forScope /Yu"StdAfx.h" /Fp"Debug\ifc_interpreter.pch" /Fo"Debug\\" /Fd"Debug\vc100.pdb" /Gd /TP /analyze- /errorReport:prompt Cinterpreter.cpp
         Cinterpreter.cpp
     1>c:\constrdata\ifc-swept2brep\src\ifc_interpreter\cinterpreter.cpp(17): warning C4273: 'Cinterpreter::m_getProjects' : inconsistent dll linkage
                 c:\constrdata\ifc-swept2brep\src\ifc_interpreter\cinterpreter.h(17) : see previous definition of 'm_getProjects'
     1>c:\constrdata\ifc-swept2brep\src\ifc_interpreter\cinterpreter.cpp(30): warning C4273: 'Cinterpreter::m_getBuilding' : inconsistent dll linkage
                 c:\constrdata\ifc-swept2brep\src\ifc_interpreter\cinterpreter.h(20) : see previous definition of 'm_getBuilding'
     1>c:\constrdata\ifc-swept2brep\src\ifc_interpreter\cinterpreter.cpp(34): warning C4273: 'Cinterpreter::m_getProject' : inconsistent dll linkage
                 c:\constrdata\ifc-swept2brep\src\ifc_interpreter\cinterpreter.h(18) : see previous definition of 'm_getProject'
     1>c:\constrdata\ifc-swept2brep\src\ifc_interpreter\cinterpreter.cpp(53): warning C4273: 'Cinterpreter::m_getSite' : inconsistent dll linkage
                 c:\constrdata\ifc-swept2brep\src\ifc_interpreter\cinterpreter.h(19) : see previous definition of 'm_getSite'
     1>c:\constrdata\ifc-swept2brep\src\ifc_interpreter\cinterpreter.cpp(60): warning C4273: 'Cinterpreter::m_getWall' : inconsistent dll linkage
                 c:\constrdata\ifc-swept2brep\src\ifc_interpreter\cinterpreter.h(21) : see previous definition of 'm_getWall'
     1>c:\constrdata\ifc-swept2brep\src\ifc_interpreter\cinterpreter.cpp(149): warning C4273: 'Cinterpreter::m_getStorey' : inconsistent dll linkage
                 c:\constrdata\ifc-swept2brep\src\ifc_interpreter\cinterpreter.h(22) : see previous definition of 'm_getStorey'
     1>c:\constrdata\ifc-swept2brep\src\ifc_interpreter\cinterpreter.cpp(181): warning C4101: 'ifcPolyLoopInstance' : unreferenced local variable
     1>c:\constrdata\ifc-swept2brep\src\ifc_interpreter\cinterpreter.cpp(182): warning C4101: 'aggrPolygon' : unreferenced local variable
     1>c:\constrdata\ifc-swept2brep\src\ifc_interpreter\cinterpreter.cpp(175): warning C4101: 'ifcFacetedBrepInstance' : unreferenced local variable
     1>c:\constrdata\ifc-swept2brep\src\ifc_interpreter\cinterpreter.cpp(181): warning C4101: 'ifcFaceInstance' : unreferenced local variable
     1>c:\constrdata\ifc-swept2brep\src\ifc_interpreter\cinterpreter.cpp(182): warning C4101: 'aggrBounds' : unreferenced local variable
     1>c:\constrdata\ifc-swept2brep\src\ifc_interpreter\cinterpreter.cpp(181): warning C4101: 'ifcFaceOuterBoundInstance' : unreferenced local variable
     1>c:\constrdata\ifc-swept2brep\src\ifc_interpreter\cinterpreter.cpp(201): warning C4700: uninitialized local variable 'CfsFaceInstance' used
       ResourceCompile:
         All outputs are up-to-date.
       ManifestResourceCompile:
         All outputs are up-to-date.
       Link:
         C:\Program Files (x86)\Microsoft Visual Studio 10.0\VC\bin\link.exe /ERRORREPORT:PROMPT /OUT:"C:\constrData\ifc-swept2brep\src\Debug\ifc_interpreter.dll" /INCREMENTAL /NOLOGO d_stkit.lib IFCEngine.lib d_sdai.lib d_tfb.lib /DEF:".\ifc_interpreter.def" /MANIFEST /ManifestFile:"Debug\ifc_interpreter.dll.intermediate.manifest" /MANIFESTUAC:"level='asInvoker' uiAccess='false'" /DEBUG /PDB:"C:\constrData\ifc-swept2brep\src\Debug\ifc_interpreter.pdb" /SUBSYSTEM:WINDOWS /TLBID:1 /DYNAMICBASE /NXCOMPAT /IMPLIB:"C:\constrData\ifc-swept2brep\src\Debug\ifc_interpreter.lib" /MACHINE:X86 /DLL Debug\ifc_interpreter.res
         Debug\ifc_interpreter.dll.embed.manifest.res
         Debug\CifcWallSweptSolid.obj
         Debug\Cinterpreter.obj
         Debug\Creceiver.obj
         Debug\ifcTranslator.obj
         Debug\ifc_interpreter.obj
         Debug\Point3d.obj
         Debug\stdafx.obj
         Debug\unicodeReader.obj
       Manifest:
         C:\Program Files (x86)\Microsoft SDKs\Windows\v7.0A\bin\mt.exe /nologo /verbose /out:"Debug\ifc_interpreter.dll.embed.manifest" /manifest Debug\ifc_interpreter.dll.intermediate.manifest "C:\Program Files (x86)\Microsoft Visual Studio 10.0\VC\Include\Manifest\dpiaware.manifest"
         All outputs are up-to-date.
       LinkEmbedManifest:
         All outputs are up-to-date.
         ifc_interpreter.vcxproj -> C:\constrData\ifc-swept2brep\src\Debug\ifc_interpreter.dll
       FinalizeBuildStatus:
         Deleting file "Debug\ifc_interpreter.unsuccessfulbuild".
         Touching "Debug\ifc_interpreter.lastbuildstate".
     1>Done Building Project "C:\constrData\ifc-swept2brep\src\ifc_interpreter\ifc_interpreter.vcxproj" (build target(s)).

Build succeeded.

Time Elapsed 00:00:01.70
