C:\CONSTRDATA\IFC-SWEPT2BREP\SRC\DEBUG\IFC_INTERPRETER.DLL
C:\constrData\ifc-swept2brep\src\Debug\ifc_interpreter.exp
C:\CONSTRDATA\IFC-SWEPT2BREP\SRC\DEBUG\IFC_INTERPRETER.ILK
C:\constrData\ifc-swept2brep\src\Debug\ifc_interpreter.lib
C:\CONSTRDATA\IFC-SWEPT2BREP\SRC\DEBUG\IFC_INTERPRETER.PDB
C:\CONSTRDATA\IFC-SWEPT2BREP\SRC\IFC_INTERPRETER\DEBUG\CIFCWALLSWEPTSOLID.OBJ
C:\CONSTRDATA\IFC-SWEPT2BREP\SRC\IFC_INTERPRETER\DEBUG\CINTERPRETER.OBJ
C:\constrData\ifc-swept2brep\src\ifc_interpreter\Debug\cl.command.1.tlog
C:\constrData\ifc-swept2brep\src\ifc_interpreter\Debug\CL.read.1.tlog
C:\constrData\ifc-swept2brep\src\ifc_interpreter\Debug\CL.write.1.tlog
C:\CONSTRDATA\IFC-SWEPT2BREP\SRC\IFC_INTERPRETER\DEBUG\CRECEIVER.OBJ
C:\CONSTRDATA\IFC-SWEPT2BREP\SRC\IFC_INTERPRETER\DEBUG\IFC_INTERPRETER.DLL.EMBED.MANIFEST
C:\CONSTRDATA\IFC-SWEPT2BREP\SRC\IFC_INTERPRETER\DEBUG\IFC_INTERPRETER.DLL.EMBED.MANIFEST.RES
C:\CONSTRDATA\IFC-SWEPT2BREP\SRC\IFC_INTERPRETER\DEBUG\IFC_INTERPRETER.DLL.INTERMEDIATE.MANIFEST
C:\CONSTRDATA\IFC-SWEPT2BREP\SRC\IFC_INTERPRETER\DEBUG\IFC_INTERPRETER.OBJ
C:\CONSTRDATA\IFC-SWEPT2BREP\SRC\IFC_INTERPRETER\DEBUG\IFC_INTERPRETER.PCH
C:\CONSTRDATA\IFC-SWEPT2BREP\SRC\IFC_INTERPRETER\DEBUG\IFC_INTERPRETER.RES
C:\constrData\ifc-swept2brep\src\ifc_interpreter\Debug\ifc_interpreter.write.1.tlog
C:\constrData\ifc-swept2brep\src\ifc_interpreter\Debug\ifc_interpreter_manifest.rc
C:\CONSTRDATA\IFC-SWEPT2BREP\SRC\IFC_INTERPRETER\DEBUG\IFCTRANSLATOR.OBJ
C:\constrData\ifc-swept2brep\src\ifc_interpreter\Debug\link.command.1.tlog
C:\constrData\ifc-swept2brep\src\ifc_interpreter\Debug\link.read.1.tlog
C:\constrData\ifc-swept2brep\src\ifc_interpreter\Debug\link.write.1.tlog
C:\constrData\ifc-swept2brep\src\ifc_interpreter\Debug\link-cvtres.read.1.tlog
C:\constrData\ifc-swept2brep\src\ifc_interpreter\Debug\link-cvtres.write.1.tlog
C:\constrData\ifc-swept2brep\src\ifc_interpreter\Debug\mt.command.1.tlog
C:\constrData\ifc-swept2brep\src\ifc_interpreter\Debug\mt.read.1.tlog
C:\constrData\ifc-swept2brep\src\ifc_interpreter\Debug\mt.write.1.tlog
C:\CONSTRDATA\IFC-SWEPT2BREP\SRC\IFC_INTERPRETER\DEBUG\POINT3D.OBJ
C:\constrData\ifc-swept2brep\src\ifc_interpreter\Debug\rc.command.1.tlog
C:\constrData\ifc-swept2brep\src\ifc_interpreter\Debug\rc.read.1.tlog
C:\constrData\ifc-swept2brep\src\ifc_interpreter\Debug\rc.write.1.tlog
C:\CONSTRDATA\IFC-SWEPT2BREP\SRC\IFC_INTERPRETER\DEBUG\STDAFX.OBJ
C:\CONSTRDATA\IFC-SWEPT2BREP\SRC\IFC_INTERPRETER\DEBUG\UNICODEREADER.OBJ
C:\constrData\ifc-swept2brep\src\ifc_interpreter\Debug\vc100.idb
C:\CONSTRDATA\IFC-SWEPT2BREP\SRC\IFC_INTERPRETER\DEBUG\VC100.PDB
