C:\CONSTRDATA\IFC-SWEPT2BREP\SRC\DEBUG\IFC_WALKER0.5.EXE
C:\constrData\ifc-swept2brep\src\Debug\ifc_walker0.5.exp
C:\CONSTRDATA\IFC-SWEPT2BREP\SRC\DEBUG\IFC_WALKER0.5.ILK
C:\constrData\ifc-swept2brep\src\Debug\ifc_walker0.5.lib
C:\CONSTRDATA\IFC-SWEPT2BREP\SRC\DEBUG\IFC_WALKER0.5.PDB
C:\CONSTRDATA\IFC-SWEPT2BREP\SRC\IFC_WALKER0.5\DEBUG\.NETFRAMEWORK,VERSION=V4.0.ASSEMBLYATTRIBUTES.OBJ
C:\CONSTRDATA\IFC-SWEPT2BREP\SRC\IFC_WALKER0.5\DEBUG\APP.RES
C:\CONSTRDATA\IFC-SWEPT2BREP\SRC\IFC_WALKER0.5\DEBUG\ASSEMBLYINFO.OBJ
C:\constrData\ifc-swept2brep\src\ifc_walker0.5\Debug\cl.command.1.tlog
C:\constrData\ifc-swept2brep\src\ifc_walker0.5\Debug\CL.read.1.tlog
C:\constrData\ifc-swept2brep\src\ifc_walker0.5\Debug\CL.write.1.tlog
C:\CONSTRDATA\IFC-SWEPT2BREP\SRC\IFC_WALKER0.5\DEBUG\IFC_WALKER0.5.EXE.INTERMEDIATE.MANIFEST
C:\CONSTRDATA\IFC-SWEPT2BREP\SRC\IFC_WALKER0.5\DEBUG\IFC_WALKER0.5.OBJ
C:\CONSTRDATA\IFC-SWEPT2BREP\SRC\IFC_WALKER0.5\DEBUG\IFC_WALKER0.5.PCH
C:\constrData\ifc-swept2brep\src\ifc_walker0.5\Debug\ifc_walker0.5.vcxproj.GenerateResource.Cache
C:\constrData\ifc-swept2brep\src\ifc_walker0.5\Debug\ifc_walker0.5.vcxprojResolveAssemblyReference.cache
C:\constrData\ifc-swept2brep\src\ifc_walker0.5\Debug\ifc_walker0.5.write.1.tlog
C:\constrData\ifc-swept2brep\src\ifc_walker0.5\Debug\ifc_walker05.Form1.resources
C:\constrData\ifc-swept2brep\src\ifc_walker0.5\Debug\link.10488.read.1.tlog
C:\constrData\ifc-swept2brep\src\ifc_walker0.5\Debug\link.10488.write.1.tlog
C:\constrData\ifc-swept2brep\src\ifc_walker0.5\Debug\link.10488-cvtres.read.1.tlog
C:\constrData\ifc-swept2brep\src\ifc_walker0.5\Debug\link.10488-cvtres.write.1.tlog
C:\constrData\ifc-swept2brep\src\ifc_walker0.5\Debug\link.10940.read.1.tlog
C:\constrData\ifc-swept2brep\src\ifc_walker0.5\Debug\link.10940.write.1.tlog
C:\constrData\ifc-swept2brep\src\ifc_walker0.5\Debug\link.10940-cvtres.read.1.tlog
C:\constrData\ifc-swept2brep\src\ifc_walker0.5\Debug\link.10940-cvtres.write.1.tlog
C:\constrData\ifc-swept2brep\src\ifc_walker0.5\Debug\link.11036.read.1.tlog
C:\constrData\ifc-swept2brep\src\ifc_walker0.5\Debug\link.11036.write.1.tlog
C:\constrData\ifc-swept2brep\src\ifc_walker0.5\Debug\link.11036-cvtres.read.1.tlog
C:\constrData\ifc-swept2brep\src\ifc_walker0.5\Debug\link.11036-cvtres.write.1.tlog
C:\constrData\ifc-swept2brep\src\ifc_walker0.5\Debug\link.11244.read.1.tlog
C:\constrData\ifc-swept2brep\src\ifc_walker0.5\Debug\link.11244.write.1.tlog
C:\constrData\ifc-swept2brep\src\ifc_walker0.5\Debug\link.11244-cvtres.read.1.tlog
C:\constrData\ifc-swept2brep\src\ifc_walker0.5\Debug\link.11244-cvtres.write.1.tlog
C:\constrData\ifc-swept2brep\src\ifc_walker0.5\Debug\link.11800.read.1.tlog
C:\constrData\ifc-swept2brep\src\ifc_walker0.5\Debug\link.11800.write.1.tlog
C:\constrData\ifc-swept2brep\src\ifc_walker0.5\Debug\link.11800-cvtres.read.1.tlog
C:\constrData\ifc-swept2brep\src\ifc_walker0.5\Debug\link.11800-cvtres.write.1.tlog
C:\constrData\ifc-swept2brep\src\ifc_walker0.5\Debug\link.13144.read.1.tlog
C:\constrData\ifc-swept2brep\src\ifc_walker0.5\Debug\link.13144.write.1.tlog
C:\constrData\ifc-swept2brep\src\ifc_walker0.5\Debug\link.13144-cvtres.read.1.tlog
C:\constrData\ifc-swept2brep\src\ifc_walker0.5\Debug\link.13144-cvtres.write.1.tlog
C:\constrData\ifc-swept2brep\src\ifc_walker0.5\Debug\link.14480.read.1.tlog
C:\constrData\ifc-swept2brep\src\ifc_walker0.5\Debug\link.14480.write.1.tlog
C:\constrData\ifc-swept2brep\src\ifc_walker0.5\Debug\link.14480-cvtres.read.1.tlog
C:\constrData\ifc-swept2brep\src\ifc_walker0.5\Debug\link.14480-cvtres.write.1.tlog
C:\constrData\ifc-swept2brep\src\ifc_walker0.5\Debug\link.15804.read.1.tlog
C:\constrData\ifc-swept2brep\src\ifc_walker0.5\Debug\link.15804.write.1.tlog
C:\constrData\ifc-swept2brep\src\ifc_walker0.5\Debug\link.15804-cvtres.read.1.tlog
C:\constrData\ifc-swept2brep\src\ifc_walker0.5\Debug\link.15804-cvtres.write.1.tlog
C:\constrData\ifc-swept2brep\src\ifc_walker0.5\Debug\link.4748.read.1.tlog
C:\constrData\ifc-swept2brep\src\ifc_walker0.5\Debug\link.4748.write.1.tlog
C:\constrData\ifc-swept2brep\src\ifc_walker0.5\Debug\link.4748-cvtres.read.1.tlog
C:\constrData\ifc-swept2brep\src\ifc_walker0.5\Debug\link.4748-cvtres.write.1.tlog
C:\constrData\ifc-swept2brep\src\ifc_walker0.5\Debug\link.4920.read.1.tlog
C:\constrData\ifc-swept2brep\src\ifc_walker0.5\Debug\link.4920.write.1.tlog
C:\constrData\ifc-swept2brep\src\ifc_walker0.5\Debug\link.4920-cvtres.read.1.tlog
C:\constrData\ifc-swept2brep\src\ifc_walker0.5\Debug\link.4920-cvtres.write.1.tlog
C:\constrData\ifc-swept2brep\src\ifc_walker0.5\Debug\link.5104.read.1.tlog
C:\constrData\ifc-swept2brep\src\ifc_walker0.5\Debug\link.5104.write.1.tlog
C:\constrData\ifc-swept2brep\src\ifc_walker0.5\Debug\link.5104-cvtres.read.1.tlog
C:\constrData\ifc-swept2brep\src\ifc_walker0.5\Debug\link.5104-cvtres.write.1.tlog
C:\constrData\ifc-swept2brep\src\ifc_walker0.5\Debug\link.5420.read.1.tlog
C:\constrData\ifc-swept2brep\src\ifc_walker0.5\Debug\link.5420.write.1.tlog
C:\constrData\ifc-swept2brep\src\ifc_walker0.5\Debug\link.5420-cvtres.read.1.tlog
C:\constrData\ifc-swept2brep\src\ifc_walker0.5\Debug\link.5420-cvtres.write.1.tlog
C:\constrData\ifc-swept2brep\src\ifc_walker0.5\Debug\link.5444.read.1.tlog
C:\constrData\ifc-swept2brep\src\ifc_walker0.5\Debug\link.5444.write.1.tlog
C:\constrData\ifc-swept2brep\src\ifc_walker0.5\Debug\link.5444-cvtres.read.1.tlog
C:\constrData\ifc-swept2brep\src\ifc_walker0.5\Debug\link.5444-cvtres.write.1.tlog
C:\constrData\ifc-swept2brep\src\ifc_walker0.5\Debug\link.6440.read.1.tlog
C:\constrData\ifc-swept2brep\src\ifc_walker0.5\Debug\link.6440.write.1.tlog
C:\constrData\ifc-swept2brep\src\ifc_walker0.5\Debug\link.6440-cvtres.read.1.tlog
C:\constrData\ifc-swept2brep\src\ifc_walker0.5\Debug\link.6440-cvtres.write.1.tlog
C:\constrData\ifc-swept2brep\src\ifc_walker0.5\Debug\link.7404.read.1.tlog
C:\constrData\ifc-swept2brep\src\ifc_walker0.5\Debug\link.7404.write.1.tlog
C:\constrData\ifc-swept2brep\src\ifc_walker0.5\Debug\link.7404-cvtres.read.1.tlog
C:\constrData\ifc-swept2brep\src\ifc_walker0.5\Debug\link.7404-cvtres.write.1.tlog
C:\constrData\ifc-swept2brep\src\ifc_walker0.5\Debug\link.7932.read.1.tlog
C:\constrData\ifc-swept2brep\src\ifc_walker0.5\Debug\link.7932.write.1.tlog
C:\constrData\ifc-swept2brep\src\ifc_walker0.5\Debug\link.7932-cvtres.read.1.tlog
C:\constrData\ifc-swept2brep\src\ifc_walker0.5\Debug\link.7932-cvtres.write.1.tlog
C:\constrData\ifc-swept2brep\src\ifc_walker0.5\Debug\link.7944.read.1.tlog
C:\constrData\ifc-swept2brep\src\ifc_walker0.5\Debug\link.7944.write.1.tlog
C:\constrData\ifc-swept2brep\src\ifc_walker0.5\Debug\link.7944-cvtres.read.1.tlog
C:\constrData\ifc-swept2brep\src\ifc_walker0.5\Debug\link.7944-cvtres.write.1.tlog
C:\constrData\ifc-swept2brep\src\ifc_walker0.5\Debug\link.9408.read.1.tlog
C:\constrData\ifc-swept2brep\src\ifc_walker0.5\Debug\link.9408.write.1.tlog
C:\constrData\ifc-swept2brep\src\ifc_walker0.5\Debug\link.9408-cvtres.read.1.tlog
C:\constrData\ifc-swept2brep\src\ifc_walker0.5\Debug\link.9408-cvtres.write.1.tlog
C:\constrData\ifc-swept2brep\src\ifc_walker0.5\Debug\link.9464.read.1.tlog
C:\constrData\ifc-swept2brep\src\ifc_walker0.5\Debug\link.9464.write.1.tlog
C:\constrData\ifc-swept2brep\src\ifc_walker0.5\Debug\link.9464-cvtres.read.1.tlog
C:\constrData\ifc-swept2brep\src\ifc_walker0.5\Debug\link.9464-cvtres.write.1.tlog
C:\constrData\ifc-swept2brep\src\ifc_walker0.5\Debug\link.9644.read.1.tlog
C:\constrData\ifc-swept2brep\src\ifc_walker0.5\Debug\link.9644.write.1.tlog
C:\constrData\ifc-swept2brep\src\ifc_walker0.5\Debug\link.9644-cvtres.read.1.tlog
C:\constrData\ifc-swept2brep\src\ifc_walker0.5\Debug\link.9644-cvtres.write.1.tlog
C:\constrData\ifc-swept2brep\src\ifc_walker0.5\Debug\link.9684.read.1.tlog
C:\constrData\ifc-swept2brep\src\ifc_walker0.5\Debug\link.9684.write.1.tlog
C:\constrData\ifc-swept2brep\src\ifc_walker0.5\Debug\link.9684-cvtres.read.1.tlog
C:\constrData\ifc-swept2brep\src\ifc_walker0.5\Debug\link.9684-cvtres.write.1.tlog
C:\constrData\ifc-swept2brep\src\ifc_walker0.5\Debug\link.976.read.1.tlog
C:\constrData\ifc-swept2brep\src\ifc_walker0.5\Debug\link.976.write.1.tlog
C:\constrData\ifc-swept2brep\src\ifc_walker0.5\Debug\link.976-cvtres.read.1.tlog
C:\constrData\ifc-swept2brep\src\ifc_walker0.5\Debug\link.976-cvtres.write.1.tlog
C:\constrData\ifc-swept2brep\src\ifc_walker0.5\Debug\link.9912.read.1.tlog
C:\constrData\ifc-swept2brep\src\ifc_walker0.5\Debug\link.9912.write.1.tlog
C:\constrData\ifc-swept2brep\src\ifc_walker0.5\Debug\link.9912-cvtres.read.1.tlog
C:\constrData\ifc-swept2brep\src\ifc_walker0.5\Debug\link.9912-cvtres.write.1.tlog
C:\constrData\ifc-swept2brep\src\ifc_walker0.5\Debug\link.command.1.tlog
C:\constrData\ifc-swept2brep\src\ifc_walker0.5\Debug\link.read.1.tlog
C:\constrData\ifc-swept2brep\src\ifc_walker0.5\Debug\link.write.1.tlog
C:\constrData\ifc-swept2brep\src\ifc_walker0.5\Debug\mt.command.1.tlog
C:\constrData\ifc-swept2brep\src\ifc_walker0.5\Debug\mt.read.1.tlog
C:\constrData\ifc-swept2brep\src\ifc_walker0.5\Debug\mt.write.1.tlog
C:\constrData\ifc-swept2brep\src\ifc_walker0.5\Debug\rc.command.1.tlog
C:\constrData\ifc-swept2brep\src\ifc_walker0.5\Debug\rc.read.1.tlog
C:\constrData\ifc-swept2brep\src\ifc_walker0.5\Debug\rc.write.1.tlog
C:\CONSTRDATA\IFC-SWEPT2BREP\SRC\IFC_WALKER0.5\DEBUG\STDAFX.OBJ
C:\CONSTRDATA\IFC-SWEPT2BREP\SRC\IFC_WALKER0.5\DEBUG\VC100.PDB
